<?xml version="1.0" encoding="UTF-8"?>
<!-- Generated by org.testng.reporters.JUnitReportReporter -->
<testsuite hostname="LAPTOP-O3KFPBL7" failures="0" tests="1" name="tayara.mavenjava.layout" time="35.499" errors="0" timestamp="2021-05-21T13:15:05 IST" skipped="0">
  <testcase classname="tayara.mavenjava.layout" name="logo" time="35.499"/>
  <system-out/>
</testsuite> <!-- tayara.mavenjava.layout -->
