<?xml version="1.0" encoding="UTF-8"?>
<!-- Generated by org.testng.reporters.JUnitReportReporter -->
<testsuite hostname="LAPTOP-O3KFPBL7" failures="0" tests="7" name="project.mavenjava.spicejet" time="281.950" errors="0" timestamp="2021-06-05T22:56:40 IST" skipped="0">
  <testcase classname="project.mavenjava.spicejet" name="openBrowser" time="22.835"/>
  <system-out>
    <![CDATA[recording started; 

timer started; 

The browser is opened now; 

the browser is maximized; 

redirected to spicejet.com; 

timer stopped; 

time taken to execute this method:22661 milliseconds 
]]>
  </system-out>
  <testcase classname="project.mavenjava.spicejet" name="tab" time="6.925"/>
  <system-out>
    <![CDATA[timer reset; 

timer started; 

1st baseline screenshot captured; 

Tab order checked; 

1st testcase screenshot captured; 

Images are not Same; 

1st testcase screenshot compared with 1st baseline screenshot; 

timer stopped; 

time taken to execute this method:6917 milliseconds 
]]>
  </system-out>
  <testcase classname="project.mavenjava.spicejet" name="count" time="182.041"/>
  <system-out>
    <![CDATA[timer reset; 

timer started; 

counting checkboxes; 

checkboxes count: 8; 

counting radio buttons; 

radio button count: 3; 

counting tabs; 

tabs count: 10; 

counting links; 

total links count: 265; 

timer stopped; 

time taken to execute this method:182039 milliseconds 
]]>
  </system-out>
  <testcase classname="project.mavenjava.spicejet" name="check" time="28.588"/>
  <system-out>
    <![CDATA[timer reset; 

timer started; 

the element is visible as departure city - CHECKED; 

the element is visible as arrival city - CHECKED; 

2nd testcase screenshot captured; 

Images are not Same; 

2nd testcase screenshot compared 1st with baseline screenshot; 

the element is visible as depart date - CHECKED; 

3rd testcase screenshot captured; 

Images are not Same; 

3rd testcase screenshot compared with 1st baseline screenshot; 

Return date is disabled - CHECKED; 

Round trip radio button enabled; 

4th testcase screenshot captured; 

Images are not Same; 

4th testcase screenshot compared with 1st baseline screenshot; 

Return date is enabled - CHECKED; 

the element is visible as return date - CHECKED; 

3 adult passengers - CHECKED; 

5th testcase screenshot captured; 

Images are not Same; 

5th testcase screenshot compared with 1st baseline screenshot; 

USD currency selected; 

6th testcase screenshot captured; 

Images are not Same; 

6th testcase screenshot compared with 1st baseline screenshot; 

Friends and family selected - CHECKED; 

7th testcase screenshot captured; 

Images are not Same; 

7th testcase screenshot compared with 1st baseline screenshot; 

timer stopped; 

time taken to execute this method:28587 milliseconds 
]]>
  </system-out>
  <testcase classname="project.mavenjava.spicejet" name="chatbot" time="9.712"/>
  <system-out>
    <![CDATA[timer reset; 

timer started; 

2nd baseline screenshot captured; 

chatbot opened; 

8th testcase screenshot captured; 

Images are not Same; 

8th testcase screenshot compared with 2nd baseline screenshot; 

chatbot closed; 

9th testcase screenshot captured; 

Images are not Same; 

9th testcase screenshot compared with 2nd baseline screenshot; 

timer stopped; 

time taken to execute this method:9709 milliseconds 
]]>
  </system-out>
  <testcase classname="project.mavenjava.spicejet" name="login" time="30.692"/>
  <system-out>
    <![CDATA[timer reset; 

timer started; 

clicked on member login; 

3rd baseline screenshot captured; 

10th testcase screenshot captured; 

Images are Same; 

10th testcase screenshot compared with 3rd baseline screenshot; 

login attempted; 

11th testcase screenshot captured; 

Images are not Same; 

11th testcase screenshot compared with 3rd baseline screenshot; 

Popup closed; 

less than required character for member id ; 

login attempted; 

12th testcase screenshot captured; 

Images are not Same; 

12th testcase screenshot compared with 3rd baseline screenshot; 

Popup closed; 

timer stopped; 

time taken to execute this method:30691 milliseconds 
]]>
  </system-out>
  <testcase classname="project.mavenjava.spicejet" name="closeBrowser" time="1.157"/>
  <system-out>
    <![CDATA[timer reset; 

timer started; 

driver is closed; 

timer stopped; 

time taken to execute this method:794 milliseconds 

recording stopped; 
]]>
  </system-out>
</testsuite> <!-- project.mavenjava.spicejet -->
