<?xml version="1.0" encoding="UTF-8"?>
<!-- Generated by org.testng.reporters.JUnitReportReporter -->
<testsuite hostname="LAPTOP-O3KFPBL7" failures="0" tests="1" name="tayara.mavenjava.extraction" time="95.869" errors="0" timestamp="20 May 2021 17:00:30 GMT" skipped="0">
  <testcase classname="tayara.mavenjava.extraction" name="ads" time="95.869"/>
</testsuite> <!-- tayara.mavenjava.extraction -->
