<?xml version="1.0" encoding="UTF-8"?>
<!-- Generated by org.testng.reporters.JUnitReportReporter -->
<testsuite hostname="LAPTOP-O3KFPBL7" failures="0" tests="1" name="tayara.mavenjava.layout" time="83.256" errors="0" timestamp="2021-05-21T14:12:40 IST" skipped="0">
  <testcase classname="tayara.mavenjava.layout" name="logo" time="83.256"/>
  <system-out/>
</testsuite> <!-- tayara.mavenjava.layout -->
