<?xml version="1.0" encoding="UTF-8"?>
<!-- Generated by org.testng.reporters.JUnitReportReporter -->
<testsuite hostname="LAPTOP-O3KFPBL7" failures="0" tests="4" name="tayara.mavenjava.spicejet" time="99.226" errors="0" timestamp="2021-05-24T23:21:02 IST" skipped="0">
  <testcase classname="tayara.mavenjava.spicejet" name="tab" time="15.537"/>
  <system-out/>
  <testcase classname="tayara.mavenjava.spicejet" name="login" time="25.438"/>
  <system-out/>
  <testcase classname="tayara.mavenjava.spicejet" name="chatbot" time="20.753"/>
  <system-out/>
  <testcase classname="tayara.mavenjava.spicejet" name="check" time="37.498"/>
  <system-out/>
</testsuite> <!-- tayara.mavenjava.spicejet -->
