<?xml version="1.0" encoding="UTF-8"?>
<!-- Generated by org.testng.reporters.JUnitReportReporter -->
<testsuite hostname="LAPTOP-O3KFPBL7" failures="0" tests="3" name="project.mavenjava.spicejet" time="136.675" errors="0" timestamp="2021-05-31T15:47:08 IST" skipped="0">
  <testcase classname="project.mavenjava.spicejet" name="openBrowser" time="20.636"/>
  <system-out>
    <![CDATA[recording started; 

timer started; 

The browser is opened now; 

the browser is maximized; 

redirected to spicejet.com; 

timer stopped; 

time taken to execute this method:19934 milliseconds 
]]>
  </system-out>
  <testcase classname="project.mavenjava.spicejet" name="login" time="112.146"/>
  <system-out>
    <![CDATA[timer reset; 

timer started; 

clicked on member login; 

3rd baseline screenshot captured; 

10th testcase screenshot captured; 

Images are Same; 

10th testcase screenshot compared with 3rd baseline screenshot; 

login attempted; 

11th testcase screenshot captured; 

Images are not Same; 

11th testcase screenshot compared with 3rd baseline screenshot; 

Popup closed; 

less than required character for member id ; 

login attempted; 

12th testcase screenshot captured; 

Images are not Same; 

12th testcase screenshot compared with 3rd baseline screenshot; 

Popup closed; 

timer stopped; 

time taken to execute this method:112146 milliseconds 
]]>
  </system-out>
  <testcase classname="project.mavenjava.spicejet" name="closeBrowser" time="3.893"/>
  <system-out>
    <![CDATA[timer reset; 

timer started; 

driver is closed; 

timer stopped; 

time taken to execute this method:3595 milliseconds 

recording stopped; 
]]>
  </system-out>
</testsuite> <!-- project.mavenjava.spicejet -->
